<?xml version="1.0" encoding="UTF-8"?>
<!-- Generated by org.testng.reporters.JUnitReportReporter -->
<testsuite hostname="DESKTOP-GOGFHG0" failures="0" tests="1" name="Academy.ValidateTitle" time="0.075" errors="0" timestamp="2022-09-01T11:30:19 IST" skipped="0">
  <testcase classname="Academy.ValidateTitle" name="navigatePage" time="0.075"/>
  <system-out/>
</testsuite> <!-- Academy.ValidateTitle -->
