<?xml version="1.0" encoding="UTF-8"?>
<!-- Generated by org.testng.reporters.JUnitReportReporter -->
<testsuite hostname="DESKTOP-GOGFHG0" failures="0" tests="1" name="Facebook.ValidateUserNameAndPassword" time="1.736" errors="0" timestamp="2022-09-01T20:40:14 IST" skipped="0">
  <testcase classname="Facebook.ValidateUserNameAndPassword" name="EnterUserNameAndPassword" time="1.736"/>
  <system-out/>
</testsuite> <!-- Facebook.ValidateUserNameAndPassword -->
