<?xml version="1.0" encoding="UTF-8"?>
<!-- Generated by org.testng.reporters.JUnitReportReporter -->
<testsuite hostname="DESKTOP-GOGFHG0" failures="0" tests="1" name="Academy.ValidateNavigationBars" time="0.154" errors="0" timestamp="2022-09-01T11:16:38 IST" skipped="0">
  <testcase classname="Academy.ValidateNavigationBars" name="ValidateNavigation" time="0.154"/>
  <system-out/>
</testsuite> <!-- Academy.ValidateNavigationBars -->
