<?xml version="1.0" encoding="UTF-8"?>
<!-- Generated by org.testng.reporters.JUnitReportReporter -->
<testsuite hostname="DESKTOP-GOGFHG0" failures="0" tests="1" name="Facebook.ValidateFacebookPage" time="0.020" errors="0" timestamp="2022-09-01T20:36:00 IST" skipped="0">
  <testcase classname="Facebook.ValidateFacebookPage" name="ValidateHomePage" time="0.020"/>
  <system-out/>
</testsuite> <!-- Facebook.ValidateFacebookPage -->
